# JRE version: OpenJDK Runtime Environment Temurin-17.0.12+7 (17.0.12+7) (build 17.0.12+7)
# Java VM: OpenJDK 64-Bit Server VM Temurin-17.0.12+7 (17.0.12+7, mixed mode, tiered, compressed oops, compressed class ptrs, parallel gc, windows-amd64)
GC Precious Log:
 CPUs: 8 total, 8 available
 Memory: 16149M
 Large Page Support: Disabled
 NUMA Support: Disabled
 Compressed Oops: Enabled (32-bit)
 Alignments: Space 512K, Generation 512K, Heap 2M
 Heap Min Capacity: 100M
 Heap Initial Capacity: 100M
 Heap Max Capacity: 1G
 Pre-touch: Disabled
 Parallel Workers: 8
Heap:
 PSYoungGen      total 6144K, used 3700K [0x00000000eab00000, 0x00000000eb480000, 0x0000000100000000)
  eden space 5120K, 54% used [0x00000000eab00000,0x00000000eadb41b8,0x00000000eb000000)
  from space 1024K, 91% used [0x00000000eb380000,0x00000000eb469210,0x00000000eb480000)
  to   space 1024K, 0% used [0x00000000eb280000,0x00000000eb280000,0x00000000eb380000)
 ParOldGen       total 198656K, used 132557K [0x00000000c0000000, 0x00000000cc200000, 0x00000000eab00000)
  object space 198656K, 66% used [0x00000000c0000000,0x00000000c8173778,0x00000000cc200000)
 Metaspace       used 96273K, committed 97664K, reserved 1179648K
  class space    used 9858K, committed 10496K, reserved 1048576K
GC Heap History (20 events):
Event: 2315.834 GC heap before
{Heap before GC invocations=1730 (full 48):
 PSYoungGen      total 13824K, used 9216K [0x00000000eab00000, 0x00000000ebe00000, 0x0000000100000000)
  eden space 9216K, 100% used [0x00000000eab00000,0x00000000eb400000,0x00000000eb400000)
  from space 4608K, 0% used [0x00000000eb880000,0x00000000eb880000,0x00000000ebd00000)
  to   space 4608K, 0% used [0x00000000eb400000,0x00000000eb400000,0x00000000eb880000)
 ParOldGen       total 198656K, used 124636K [0x00000000c0000000, 0x00000000cc200000, 0x00000000eab00000)
  object space 198656K, 62% used [0x00000000c0000000,0x00000000c79b70d8,0x00000000cc200000)
 Metaspace       used 96219K, committed 97664K, reserved 1179648K
  class space    used 9857K, committed 10496K, reserved 1048576K
}
Event: 2315.835 GC heap after
{Heap after GC invocations=1730 (full 48):
 PSYoungGen      total 9728K, used 250K [0x00000000eab00000, 0x00000000eb900000, 0x0000000100000000)
  eden space 9216K, 0% used [0x00000000eab00000,0x00000000eab00000,0x00000000eb400000)
  from space 512K, 48% used [0x00000000eb400000,0x00000000eb43e900,0x00000000eb480000)
  to   space 2048K, 0% used [0x00000000eb700000,0x00000000eb700000,0x00000000eb900000)
 ParOldGen       total 198656K, used 124636K [0x00000000c0000000, 0x00000000cc200000, 0x00000000eab00000)
  object space 198656K, 62% used [0x00000000c0000000,0x00000000c79b70d8,0x00000000cc200000)
 Metaspace       used 96219K, committed 97664K, reserved 1179648K
  class space    used 9857K, committed 10496K, reserved 1048576K
}
Event: 2315.918 GC heap before
{Heap before GC invocations=1731 (full 48):
 PSYoungGen      total 9728K, used 9466K [0x00000000eab00000, 0x00000000eb900000, 0x0000000100000000)
  eden space 9216K, 100% used [0x00000000eab00000,0x00000000eb400000,0x00000000eb400000)
  from space 512K, 48% used [0x00000000eb400000,0x00000000eb43e900,0x00000000eb480000)
  to   space 2048K, 0% used [0x00000000eb700000,0x00000000eb700000,0x00000000eb900000)
 ParOldGen       total 198656K, used 124636K [0x00000000c0000000, 0x00000000cc200000, 0x00000000eab00000)
  object space 198656K, 62% used [0x00000000c0000000,0x00000000c79b70d8,0x00000000cc200000)
 Metaspace       used 96224K, committed 97664K, reserved 1179648K
  class space    used 9858K, committed 10496K, reserved 1048576K
}
Event: 2315.920 GC heap after
{Heap after GC invocations=1731 (full 48):
 PSYoungGen      total 7168K, used 2037K [0x00000000eab00000, 0x00000000ec200000, 0x0000000100000000)
  eden space 5120K, 0% used [0x00000000eab00000,0x00000000eab00000,0x00000000eb000000)
  from space 2048K, 99% used [0x00000000eb700000,0x00000000eb8fd630,0x00000000eb900000)
  to   space 7168K, 0% used [0x00000000eb000000,0x00000000eb000000,0x00000000eb700000)
 ParOldGen       total 198656K, used 128622K [0x00000000c0000000, 0x00000000cc200000, 0x00000000eab00000)
  object space 198656K, 64% used [0x00000000c0000000,0x00000000c7d9bbf0,0x00000000cc200000)
 Metaspace       used 96224K, committed 97664K, reserved 1179648K
  class space    used 9858K, committed 10496K, reserved 1048576K
}
Event: 2318.667 GC heap before
{Heap before GC invocations=1732 (full 48):
 PSYoungGen      total 7168K, used 7157K [0x00000000eab00000, 0x00000000ec200000, 0x0000000100000000)
  eden space 5120K, 100% used [0x00000000eab00000,0x00000000eb000000,0x00000000eb000000)
  from space 2048K, 99% used [0x00000000eb700000,0x00000000eb8fd630,0x00000000eb900000)
  to   space 7168K, 0% used [0x00000000eb000000,0x00000000eb000000,0x00000000eb700000)
 ParOldGen       total 198656K, used 128622K [0x00000000c0000000, 0x00000000cc200000, 0x00000000eab00000)
  object space 198656K, 64% used [0x00000000c0000000,0x00000000c7d9bbf0,0x00000000cc200000)
 Metaspace       used 96229K, committed 97664K, reserved 1179648K
  class space    used 9858K, committed 10496K, reserved 1048576K
}
Event: 2318.670 GC heap after
{Heap after GC invocations=1732 (full 48):
 PSYoungGen      total 6144K, used 1018K [0x00000000eab00000, 0x00000000eb780000, 0x0000000100000000)
  eden space 5120K, 0% used [0x00000000eab00000,0x00000000eab00000,0x00000000eb000000)
  from space 1024K, 99% used [0x00000000eb000000,0x00000000eb0fe920,0x00000000eb100000)
  to   space 3072K, 0% used [0x00000000eb480000,0x00000000eb480000,0x00000000eb780000)
 ParOldGen       total 198656K, used 128751K [0x00000000c0000000, 0x00000000cc200000, 0x00000000eab00000)
  object space 198656K, 64% used [0x00000000c0000000,0x00000000c7dbbc00,0x00000000cc200000)
 Metaspace       used 96229K, committed 97664K, reserved 1179648K
  class space    used 9858K, committed 10496K, reserved 1048576K
}
Event: 2318.695 GC heap before
{Heap before GC invocations=1733 (full 48):
 PSYoungGen      total 6144K, used 6138K [0x00000000eab00000, 0x00000000eb780000, 0x0000000100000000)
  eden space 5120K, 99% used [0x00000000eab00000,0x00000000eafffff0,0x00000000eb000000)
  from space 1024K, 99% used [0x00000000eb000000,0x00000000eb0fe920,0x00000000eb100000)
  to   space 3072K, 0% used [0x00000000eb480000,0x00000000eb480000,0x00000000eb780000)
 ParOldGen       total 198656K, used 128751K [0x00000000c0000000, 0x00000000cc200000, 0x00000000eab00000)
  object space 198656K, 64% used [0x00000000c0000000,0x00000000c7dbbc00,0x00000000cc200000)
 Metaspace       used 96235K, committed 97664K, reserved 1179648K
  class space    used 9858K, committed 10496K, reserved 1048576K
}
Event: 2318.699 GC heap after
{Heap after GC invocations=1733 (full 48):
 PSYoungGen      total 6144K, used 986K [0x00000000eab00000, 0x00000000eb580000, 0x0000000100000000)
  eden space 5120K, 0% used [0x00000000eab00000,0x00000000eab00000,0x00000000eb000000)
  from space 1024K, 96% used [0x00000000eb480000,0x00000000eb576900,0x00000000eb580000)
  to   space 1536K, 0% used [0x00000000eb280000,0x00000000eb280000,0x00000000eb400000)
 ParOldGen       total 198656K, used 129603K [0x00000000c0000000, 0x00000000cc200000, 0x00000000eab00000)
  object space 198656K, 65% used [0x00000000c0000000,0x00000000c7e90e40,0x00000000cc200000)
 Metaspace       used 96235K, committed 97664K, reserved 1179648K
  class space    used 9858K, committed 10496K, reserved 1048576K
}
Event: 2318.856 GC heap before
{Heap before GC invocations=1734 (full 48):
 PSYoungGen      total 6144K, used 6106K [0x00000000eab00000, 0x00000000eb580000, 0x0000000100000000)
  eden space 5120K, 100% used [0x00000000eab00000,0x00000000eb000000,0x00000000eb000000)
  from space 1024K, 96% used [0x00000000eb480000,0x00000000eb576900,0x00000000eb580000)
  to   space 1536K, 0% used [0x00000000eb280000,0x00000000eb280000,0x00000000eb400000)
 ParOldGen       total 198656K, used 129603K [0x00000000c0000000, 0x00000000cc200000, 0x00000000eab00000)
  object space 198656K, 65% used [0x00000000c0000000,0x00000000c7e90e40,0x00000000cc200000)
 Metaspace       used 96255K, committed 97664K, reserved 1179648K
  class space    used 9858K, committed 10496K, reserved 1048576K
}
Event: 2318.859 GC heap after
{Heap after GC invocations=1734 (full 48):
 PSYoungGen      total 6656K, used 548K [0x00000000eab00000, 0x00000000eb500000, 0x0000000100000000)
  eden space 5120K, 0% used [0x00000000eab00000,0x00000000eab00000,0x00000000eb000000)
  from space 1536K, 35% used [0x00000000eb280000,0x00000000eb309230,0x00000000eb400000)
  to   space 1024K, 0% used [0x00000000eb400000,0x00000000eb400000,0x00000000eb500000)
 ParOldGen       total 198656K, used 129987K [0x00000000c0000000, 0x00000000cc200000, 0x00000000eab00000)
  object space 198656K, 65% used [0x00000000c0000000,0x00000000c7ef0e40,0x00000000cc200000)
 Metaspace       used 96255K, committed 97664K, reserved 1179648K
  class space    used 9858K, committed 10496K, reserved 1048576K
}
Event: 2318.891 GC heap before
{Heap before GC invocations=1735 (full 48):
 PSYoungGen      total 6656K, used 5668K [0x00000000eab00000, 0x00000000eb500000, 0x0000000100000000)
  eden space 5120K, 100% used [0x00000000eab00000,0x00000000eb000000,0x00000000eb000000)
  from space 1536K, 35% used [0x00000000eb280000,0x00000000eb309230,0x00000000eb400000)
  to   space 1024K, 0% used [0x00000000eb400000,0x00000000eb400000,0x00000000eb500000)
 ParOldGen       total 198656K, used 129987K [0x00000000c0000000, 0x00000000cc200000, 0x00000000eab00000)
  object space 198656K, 65% used [0x00000000c0000000,0x00000000c7ef0e40,0x00000000cc200000)
 Metaspace       used 96255K, committed 97664K, reserved 1179648K
  class space    used 9858K, committed 10496K, reserved 1048576K
}
Event: 2318.892 GC heap after
{Heap after GC invocations=1735 (full 48):
 PSYoungGen      total 5632K, used 410K [0x00000000eab00000, 0x00000000eb480000, 0x0000000100000000)
  eden space 5120K, 0% used [0x00000000eab00000,0x00000000eab00000,0x00000000eb000000)
  from space 512K, 80% used [0x00000000eb400000,0x00000000eb466920,0x00000000eb480000)
  to   space 512K, 0% used [0x00000000eb380000,0x00000000eb380000,0x00000000eb400000)
 ParOldGen       total 198656K, used 130035K [0x00000000c0000000, 0x00000000cc200000, 0x00000000eab00000)
  object space 198656K, 65% used [0x00000000c0000000,0x00000000c7efce40,0x00000000cc200000)
 Metaspace       used 96255K, committed 97664K, reserved 1179648K
  class space    used 9858K, committed 10496K, reserved 1048576K
}
Event: 2318.919 GC heap before
{Heap before GC invocations=1736 (full 48):
 PSYoungGen      total 5632K, used 5530K [0x00000000eab00000, 0x00000000eb480000, 0x0000000100000000)
  eden space 5120K, 100% used [0x00000000eab00000,0x00000000eb000000,0x00000000eb000000)
  from space 512K, 80% used [0x00000000eb400000,0x00000000eb466920,0x00000000eb480000)
  to   space 512K, 0% used [0x00000000eb380000,0x00000000eb380000,0x00000000eb400000)
 ParOldGen       total 198656K, used 130035K [0x00000000c0000000, 0x00000000cc200000, 0x00000000eab00000)
  object space 198656K, 65% used [0x00000000c0000000,0x00000000c7efce40,0x00000000cc200000)
 Metaspace       used 96255K, committed 97664K, reserved 1179648K
  class space    used 9858K, committed 10496K, reserved 1048576K
}
Event: 2318.921 GC heap after
{Heap after GC invocations=1736 (full 48):
 PSYoungGen      total 5632K, used 500K [0x00000000eab00000, 0x00000000eb480000, 0x0000000100000000)
  eden space 5120K, 0% used [0x00000000eab00000,0x00000000eab00000,0x00000000eb000000)
  from space 512K, 97% used [0x00000000eb380000,0x00000000eb3fd200,0x00000000eb400000)
  to   space 512K, 0% used [0x00000000eb400000,0x00000000eb400000,0x00000000eb480000)
 ParOldGen       total 198656K, used 130696K [0x00000000c0000000, 0x00000000cc200000, 0x00000000eab00000)
  object space 198656K, 65% used [0x00000000c0000000,0x00000000c7fa20a0,0x00000000cc200000)
 Metaspace       used 96255K, committed 97664K, reserved 1179648K
  class space    used 9858K, committed 10496K, reserved 1048576K
}
Event: 2318.930 GC heap before
{Heap before GC invocations=1737 (full 48):
 PSYoungGen      total 5632K, used 5620K [0x00000000eab00000, 0x00000000eb480000, 0x0000000100000000)
  eden space 5120K, 100% used [0x00000000eab00000,0x00000000eb000000,0x00000000eb000000)
  from space 512K, 97% used [0x00000000eb380000,0x00000000eb3fd200,0x00000000eb400000)
  to   space 512K, 0% used [0x00000000eb400000,0x00000000eb400000,0x00000000eb480000)
 ParOldGen       total 198656K, used 130696K [0x00000000c0000000, 0x00000000cc200000, 0x00000000eab00000)
  object space 198656K, 65% used [0x00000000c0000000,0x00000000c7fa20a0,0x00000000cc200000)
 Metaspace       used 96258K, committed 97664K, reserved 1179648K
  class space    used 9858K, committed 10496K, reserved 1048576K
}
Event: 2318.933 GC heap after
{Heap after GC invocations=1737 (full 48):
 PSYoungGen      total 5632K, used 500K [0x00000000eab00000, 0x00000000eb480000, 0x0000000100000000)
  eden space 5120K, 0% used [0x00000000eab00000,0x00000000eab00000,0x00000000eb000000)
  from space 512K, 97% used [0x00000000eb400000,0x00000000eb47d220,0x00000000eb480000)
  to   space 1536K, 0% used [0x00000000eb180000,0x00000000eb180000,0x00000000eb300000)
 ParOldGen       total 198656K, used 131272K [0x00000000c0000000, 0x00000000cc200000, 0x00000000eab00000)
  object space 198656K, 66% used [0x00000000c0000000,0x00000000c80322b0,0x00000000cc200000)
 Metaspace       used 96258K, committed 97664K, reserved 1179648K
  class space    used 9858K, committed 10496K, reserved 1048576K
}
Event: 2318.942 GC heap before
{Heap before GC invocations=1738 (full 48):
 PSYoungGen      total 5632K, used 5620K [0x00000000eab00000, 0x00000000eb480000, 0x0000000100000000)
  eden space 5120K, 100% used [0x00000000eab00000,0x00000000eb000000,0x00000000eb000000)
  from space 512K, 97% used [0x00000000eb400000,0x00000000eb47d220,0x00000000eb480000)
  to   space 1536K, 0% used [0x00000000eb180000,0x00000000eb180000,0x00000000eb300000)
 ParOldGen       total 198656K, used 131272K [0x00000000c0000000, 0x00000000cc200000, 0x00000000eab00000)
  object space 198656K, 66% used [0x00000000c0000000,0x00000000c80322b0,0x00000000cc200000)
 Metaspace       used 96265K, committed 97664K, reserved 1179648K
  class space    used 9858K, committed 10496K, reserved 1048576K
}
Event: 2318.943 GC heap after
{Heap after GC invocations=1738 (full 48):
 PSYoungGen      total 6656K, used 864K [0x00000000eab00000, 0x00000000eb480000, 0x0000000100000000)
  eden space 5120K, 0% used [0x00000000eab00000,0x00000000eab00000,0x00000000eb000000)
  from space 1536K, 56% used [0x00000000eb180000,0x00000000eb258000,0x00000000eb300000)
  to   space 1024K, 0% used [0x00000000eb380000,0x00000000eb380000,0x00000000eb480000)
 ParOldGen       total 198656K, used 131785K [0x00000000c0000000, 0x00000000cc200000, 0x00000000eab00000)
  object space 198656K, 66% used [0x00000000c0000000,0x00000000c80b2500,0x00000000cc200000)
 Metaspace       used 96265K, committed 97664K, reserved 1179648K
  class space    used 9858K, committed 10496K, reserved 1048576K
}
Event: 2318.995 GC heap before
{Heap before GC invocations=1739 (full 48):
 PSYoungGen      total 6656K, used 5984K [0x00000000eab00000, 0x00000000eb480000, 0x0000000100000000)
  eden space 5120K, 100% used [0x00000000eab00000,0x00000000eb000000,0x00000000eb000000)
  from space 1536K, 56% used [0x00000000eb180000,0x00000000eb258000,0x00000000eb300000)
  to   space 1024K, 0% used [0x00000000eb380000,0x00000000eb380000,0x00000000eb480000)
 ParOldGen       total 198656K, used 131785K [0x00000000c0000000, 0x00000000cc200000, 0x00000000eab00000)
  object space 198656K, 66% used [0x00000000c0000000,0x00000000c80b2500,0x00000000cc200000)
 Metaspace       used 96272K, committed 97664K, reserved 1179648K
  class space    used 9858K, committed 10496K, reserved 1048576K
}
Event: 2318.997 GC heap after
{Heap after GC invocations=1739 (full 48):
 PSYoungGen      total 6144K, used 932K [0x00000000eab00000, 0x00000000eb480000, 0x0000000100000000)
  eden space 5120K, 0% used [0x00000000eab00000,0x00000000eab00000,0x00000000eb000000)
  from space 1024K, 91% used [0x00000000eb380000,0x00000000eb469210,0x00000000eb480000)
  to   space 1024K, 0% used [0x00000000eb280000,0x00000000eb280000,0x00000000eb380000)
 ParOldGen       total 198656K, used 132557K [0x00000000c0000000, 0x00000000cc200000, 0x00000000eab00000)
  object space 198656K, 66% used [0x00000000c0000000,0x00000000c8173778,0x00000000cc200000)
 Metaspace       used 96272K, committed 97664K, reserved 1179648K
  class space    used 9858K, committed 10496K, reserved 1048576K
}

