<?xml version="1.0" encoding="UTF-8"?>
<testsuite xmlns:xsi="http://www.w3.org/2001/XMLSchema-instance" xsi:noNamespaceSchemaLocation="https://maven.apache.org/surefire/maven-surefire-plugin/xsd/surefire-test-report-3.0.xsd" version="3.0" name="com.nishkaiv.nishkaiv.NishkaivApplicationTests" time="7.764" tests="1" errors="0" skipped="0" failures="0">
  <properties>
[...]
</properties>
  <testcase name="contextLoads" classname="com.nishkaiv.nishkaiv.NishkaivApplicationTests" time="1.545">
    <system-out><![CDATA[16:00:21.815 [main] INFO org.springframework.test.context.support.AnnotationConfigContextLoaderUtils -- Could not detect default configuration classes for test class [com.nishkaiv.nishkaiv.NishkaivApplicationTests]: NishkaivApplicationTests does not declare any static, non-private, non-final, nested classes annotated with @Configuration.
16:00:22.009 [main] INFO org.springframework.boot.test.context.SpringBootTestContextBootstrapper -- Found @SpringBootConfiguration com.nishkaiv.nishkaiv.NishkaivApplication for test class com.nishkaiv.nishkaiv.NishkaivApplicationTests
16:00:22.394 [main] INFO org.springframework.boot.devtools.restart.RestartApplicationListener -- Restart disabled due to context in which it is running

  .   ____          _            __ _ _
 /\\ / ___'_ __ _ _(_)_ __  __ _ \ \ \ \
( ( )\___ | '_ | '_| | '_ \/ _` | \ \ \ \
 \\/  ___)| |_)| | | | | || (_| |  ) ) ) )
  '  |____| .__|_| |_|_| |_\__, | / / / /
 =========|_|==============|___/=/_/_/_/

 :: Spring Boot ::                (v3.3.4)

2024-10-10T16:00:22.951+05:30  INFO 28252 --- [nishkaiv] [           main] c.n.nishkaiv.NishkaivApplicationTests    : Starting NishkaivApplicationTests using Java 17.0.11 with PID 28252 (started by parim in D:\nishkaiv\proxyController\rest-template-gateway\nishkaiv)
2024-10-10T16:00:22.953+05:30  INFO 28252 --- [nishkaiv] [           main] c.n.nishkaiv.NishkaivApplicationTests    : No active profile set, falling back to 1 default profile: "default"
2024-10-10T16:00:24.889+05:30  WARN 28252 --- [nishkaiv] [           main] trationDelegate$BeanPostProcessorChecker : Bean 'io.opentelemetry.instrumentation.spring.autoconfigure.instrumentation.web.SpringWebInstrumentationAutoConfiguration' of type [io.opentelemetry.instrumentation.spring.autoconfigure.instrumentation.web.SpringWebInstrumentationAutoConfiguration$$SpringCGLIB$$0] is not eligible for getting processed by all BeanPostProcessors (for example: not eligible for auto-proxying). The currently created BeanPostProcessor [otelRestTemplateBeanPostProcessor] is declared through a non-static factory method on that class; consider declaring it as static instead.
2024-10-10T16:00:25.096+05:30  WARN 28252 --- [nishkaiv] [           main] trationDelegate$BeanPostProcessorChecker : Bean 'io.opentelemetry.instrumentation.spring.autoconfigure.OpenTelemetryAutoConfiguration$OpenTelemetrySdkConfig' of type [io.opentelemetry.instrumentation.spring.autoconfigure.OpenTelemetryAutoConfiguration$OpenTelemetrySdkConfig$$SpringCGLIB$$0] is not eligible for getting processed by all BeanPostProcessors (for example: not eligible for auto-proxying). Is this bean getting eagerly injected into a currently created BeanPostProcessor [otelRestTemplateBeanPostProcessor]? Check the corresponding BeanPostProcessor declaration and its dependencies.
2024-10-10T16:00:25.141+05:30  WARN 28252 --- [nishkaiv] [           main] trationDelegate$BeanPostProcessorChecker : Bean 'otel.traces.sampler-io.opentelemetry.instrumentation.spring.autoconfigure.SamplerProperties' of type [io.opentelemetry.instrumentation.spring.autoconfigure.SamplerProperties] is not eligible for getting processed by all BeanPostProcessors (for example: not eligible for auto-proxying). Is this bean getting eagerly injected into a currently created BeanPostProcessor [otelRestTemplateBeanPostProcessor]? Check the corresponding BeanPostProcessor declaration and its dependencies.
2024-10-10T16:00:25.160+05:30  WARN 28252 --- [nishkaiv] [           main] trationDelegate$BeanPostProcessorChecker : Bean 'io.opentelemetry.instrumentation.spring.autoconfigure.resources.OtelResourceAutoConfiguration' of type [io.opentelemetry.instrumentation.spring.autoconfigure.resources.OtelResourceAutoConfiguration$$SpringCGLIB$$0] is not eligible for getting processed by all BeanPostProcessors (for example: not eligible for auto-proxying). Is this bean getting eagerly injected into a currently created BeanPostProcessor [otelRestTemplateBeanPostProcessor]? Check the corresponding BeanPostProcessor declaration and its dependencies.
2024-10-10T16:00:25.166+05:30  WARN 28252 --- [nishkaiv] [           main] trationDelegate$BeanPostProcessorChecker : Bean 'otel.springboot.resource-io.opentelemetry.instrumentation.spring.autoconfigure.resources.OtelResourceProperties' of type [io.opentelemetry.instrumentation.spring.autoconfigure.resources.OtelResourceProperties] is not eligible for getting processed by all BeanPostProcessors (for example: not eligible for auto-proxying). Is this bean getting eagerly injected into a currently created BeanPostProcessor [otelRestTemplateBeanPostProcessor]? Check the corresponding BeanPostProcessor declaration and its dependencies.
2024-10-10T16:00:25.168+05:30  WARN 28252 --- [nishkaiv] [           main] trationDelegate$BeanPostProcessorChecker : Bean 'otelResourceProvider' of type [io.opentelemetry.instrumentation.spring.autoconfigure.resources.SpringResourceProvider] is not eligible for getting processed by all BeanPostProcessors (for example: not eligible for auto-proxying). Is this bean getting eagerly injected into a currently created BeanPostProcessor [otelRestTemplateBeanPostProcessor]? Check the corresponding BeanPostProcessor declaration and its dependencies.
2024-10-10T16:00:25.177+05:30  WARN 28252 --- [nishkaiv] [           main] trationDelegate$BeanPostProcessorChecker : Bean 'otelResource' of type [io.opentelemetry.sdk.resources.AutoValue_Resource] is not eligible for getting processed by all BeanPostProcessors (for example: not eligible for auto-proxying). Is this bean getting eagerly injected into a currently created BeanPostProcessor [otelRestTemplateBeanPostProcessor]? Check the corresponding BeanPostProcessor declaration and its dependencies.
2024-10-10T16:00:25.203+05:30  WARN 28252 --- [nishkaiv] [           main] trationDelegate$BeanPostProcessorChecker : Bean 'io.opentelemetry.instrumentation.spring.autoconfigure.exporters.otlp.OtlpSpanExporterAutoConfiguration' of type [io.opentelemetry.instrumentation.spring.autoconfigure.exporters.otlp.OtlpSpanExporterAutoConfiguration$$SpringCGLIB$$0] is not eligible for getting processed by all BeanPostProcessors (for example: not eligible for auto-proxying). Is this bean getting eagerly injected into a currently created BeanPostProcessor [otelRestTemplateBeanPostProcessor]? Check the corresponding BeanPostProcessor declaration and its dependencies.
2024-10-10T16:00:25.224+05:30  WARN 28252 --- [nishkaiv] [           main] trationDelegate$BeanPostProcessorChecker : Bean 'otel.exporter.otlp-io.opentelemetry.instrumentation.spring.autoconfigure.exporters.otlp.OtlpExporterProperties' of type [io.opentelemetry.instrumentation.spring.autoconfigure.exporters.otlp.OtlpExporterProperties] is not eligible for getting processed by all BeanPostProcessors (for example: not eligible for auto-proxying). Is this bean getting eagerly injected into a currently created BeanPostProcessor [otelRestTemplateBeanPostProcessor]? Check the corresponding BeanPostProcessor declaration and its dependencies.
2024-10-10T16:00:25.845+05:30  WARN 28252 --- [nishkaiv] [           main] trationDelegate$BeanPostProcessorChecker : Bean 'otelOtlpGrpcSpanExporter' of type [io.opentelemetry.exporter.otlp.trace.OtlpGrpcSpanExporter] is not eligible for getting processed by all BeanPostProcessors (for example: not eligible for auto-proxying). Is this bean getting eagerly injected into a currently created BeanPostProcessor [otelRestTemplateBeanPostProcessor]? Check the corresponding BeanPostProcessor declaration and its dependencies.
2024-10-10T16:00:25.888+05:30  WARN 28252 --- [nishkaiv] [           main] trationDelegate$BeanPostProcessorChecker : Bean 'sdkTracerProvider' of type [io.opentelemetry.sdk.trace.SdkTracerProvider] is not eligible for getting processed by all BeanPostProcessors (for example: not eligible for auto-proxying). Is this bean getting eagerly injected into a currently created BeanPostProcessor [otelRestTemplateBeanPostProcessor]? Check the corresponding BeanPostProcessor declaration and its dependencies.
2024-10-10T16:00:25.894+05:30  WARN 28252 --- [nishkaiv] [           main] trationDelegate$BeanPostProcessorChecker : Bean 'otel.metric.export-io.opentelemetry.instrumentation.spring.autoconfigure.MetricExportProperties' of type [io.opentelemetry.instrumentation.spring.autoconfigure.MetricExportProperties] is not eligible for getting processed by all BeanPostProcessors (for example: not eligible for auto-proxying). Is this bean getting eagerly injected into a currently created BeanPostProcessor [otelRestTemplateBeanPostProcessor]? Check the corresponding BeanPostProcessor declaration and its dependencies.
2024-10-10T16:00:25.900+05:30  WARN 28252 --- [nishkaiv] [           main] trationDelegate$BeanPostProcessorChecker : Bean 'io.opentelemetry.instrumentation.spring.autoconfigure.exporters.otlp.OtlpMetricExporterAutoConfiguration' of type [io.opentelemetry.instrumentation.spring.autoconfigure.exporters.otlp.OtlpMetricExporterAutoConfiguration$$SpringCGLIB$$0] is not eligible for getting processed by all BeanPostProcessors (for example: not eligible for auto-proxying). Is this bean getting eagerly injected into a currently created BeanPostProcessor [otelRestTemplateBeanPostProcessor]? Check the corresponding BeanPostProcessor declaration and its dependencies.
2024-10-10T16:00:25.916+05:30  WARN 28252 --- [nishkaiv] [           main] trationDelegate$BeanPostProcessorChecker : Bean 'otelOtlpGrpcMetricExporter' of type [io.opentelemetry.exporter.otlp.metrics.OtlpGrpcMetricExporter] is not eligible for getting processed by all BeanPostProcessors (for example: not eligible for auto-proxying). Is this bean getting eagerly injected into a currently created BeanPostProcessor [otelRestTemplateBeanPostProcessor]? Check the corresponding BeanPostProcessor declaration and its dependencies.
2024-10-10T16:00:25.958+05:30  WARN 28252 --- [nishkaiv] [           main] trationDelegate$BeanPostProcessorChecker : Bean 'sdkMeterProvider' of type [io.opentelemetry.sdk.metrics.SdkMeterProvider] is not eligible for getting processed by all BeanPostProcessors (for example: not eligible for auto-proxying). Is this bean getting eagerly injected into a currently created BeanPostProcessor [otelRestTemplateBeanPostProcessor]? Check the corresponding BeanPostProcessor declaration and its dependencies.
2024-10-10T16:00:25.967+05:30  WARN 28252 --- [nishkaiv] [           main] trationDelegate$BeanPostProcessorChecker : Bean 'io.opentelemetry.instrumentation.spring.autoconfigure.exporters.otlp.OtlpLoggerExporterAutoConfiguration' of type [io.opentelemetry.instrumentation.spring.autoconfigure.exporters.otlp.OtlpLoggerExporterAutoConfiguration] is not eligible for getting processed by all BeanPostProcessors (for example: not eligible for auto-proxying). Is this bean getting eagerly injected into a currently created BeanPostProcessor [otelRestTemplateBeanPostProcessor]? Check the corresponding BeanPostProcessor declaration and its dependencies.
2024-10-10T16:00:26.028+05:30  WARN 28252 --- [nishkaiv] [           main] trationDelegate$BeanPostProcessorChecker : Bean 'otelOtlpGrpcLogRecordExporter' of type [io.opentelemetry.exporter.otlp.logs.OtlpGrpcLogRecordExporter] is not eligible for getting processed by all BeanPostProcessors (for example: not eligible for auto-proxying). Is this bean getting eagerly injected into a currently created BeanPostProcessor [otelRestTemplateBeanPostProcessor]? Check the corresponding BeanPostProcessor declaration and its dependencies.
2024-10-10T16:00:26.050+05:30  WARN 28252 --- [nishkaiv] [           main] trationDelegate$BeanPostProcessorChecker : Bean 'sdkLoggerProvider' of type [io.opentelemetry.sdk.logs.SdkLoggerProvider] is not eligible for getting processed by all BeanPostProcessors (for example: not eligible for auto-proxying). Is this bean getting eagerly injected into a currently created BeanPostProcessor [otelRestTemplateBeanPostProcessor]? Check the corresponding BeanPostProcessor declaration and its dependencies.
2024-10-10T16:00:26.055+05:30  WARN 28252 --- [nishkaiv] [           main] trationDelegate$BeanPostProcessorChecker : Bean 'io.opentelemetry.instrumentation.spring.autoconfigure.propagators.PropagationAutoConfiguration' of type [io.opentelemetry.instrumentation.spring.autoconfigure.propagators.PropagationAutoConfiguration$$SpringCGLIB$$0] is not eligible for getting processed by all BeanPostProcessors (for example: not eligible for auto-proxying). Is this bean getting eagerly injected into a currently created BeanPostProcessor [otelRestTemplateBeanPostProcessor]? Check the corresponding BeanPostProcessor declaration and its dependencies.
2024-10-10T16:00:26.058+05:30  WARN 28252 --- [nishkaiv] [           main] trationDelegate$BeanPostProcessorChecker : Bean 'io.opentelemetry.instrumentation.spring.autoconfigure.propagators.PropagationAutoConfiguration$PropagatorsConfiguration' of type [io.opentelemetry.instrumentation.spring.autoconfigure.propagators.PropagationAutoConfiguration$PropagatorsConfiguration$$SpringCGLIB$$0] is not eligible for getting processed by all BeanPostProcessors (for example: not eligible for auto-proxying). Is this bean getting eagerly injected into a currently created BeanPostProcessor [otelRestTemplateBeanPostProcessor]? Check the corresponding BeanPostProcessor declaration and its dependencies.
2024-10-10T16:00:26.099+05:30  WARN 28252 --- [nishkaiv] [           main] trationDelegate$BeanPostProcessorChecker : Bean 'otel.propagation-io.opentelemetry.instrumentation.spring.autoconfigure.propagators.PropagationProperties' of type [io.opentelemetry.instrumentation.spring.autoconfigure.propagators.PropagationProperties] is not eligible for getting processed by all BeanPostProcessors (for example: not eligible for auto-proxying). Is this bean getting eagerly injected into a currently created BeanPostProcessor [otelRestTemplateBeanPostProcessor]? Check the corresponding BeanPostProcessor declaration and its dependencies.
2024-10-10T16:00:26.147+05:30  WARN 28252 --- [nishkaiv] [           main] trationDelegate$BeanPostProcessorChecker : Bean 'compositeTextMapPropagator' of type [io.opentelemetry.context.propagation.MultiTextMapPropagator] is not eligible for getting processed by all BeanPostProcessors (for example: not eligible for auto-proxying). Is this bean getting eagerly injected into a currently created BeanPostProcessor [otelRestTemplateBeanPostProcessor]? Check the corresponding BeanPostProcessor declaration and its dependencies.
2024-10-10T16:00:26.151+05:30  WARN 28252 --- [nishkaiv] [           main] trationDelegate$BeanPostProcessorChecker : Bean 'contextPropagators' of type [io.opentelemetry.context.propagation.DefaultContextPropagators] is not eligible for getting processed by all BeanPostProcessors (for example: not eligible for auto-proxying). Is this bean getting eagerly injected into a currently created BeanPostProcessor [otelRestTemplateBeanPostProcessor]? Check the corresponding BeanPostProcessor declaration and its dependencies.
2024-10-10T16:00:26.158+05:30  WARN 28252 --- [nishkaiv] [           main] trationDelegate$BeanPostProcessorChecker : Bean 'openTelemetry' of type [io.opentelemetry.sdk.OpenTelemetrySdk] is not eligible for getting processed by all BeanPostProcessors (for example: not eligible for auto-proxying). Is this bean getting eagerly injected into a currently created BeanPostProcessor [otelRestTemplateBeanPostProcessor]? Check the corresponding BeanPostProcessor declaration and its dependencies.
2024-10-10T16:00:27.673+05:30  INFO 28252 --- [nishkaiv] [           main] c.n.nishkaiv.NishkaivApplicationTests    : Started NishkaivApplicationTests in 5.309 seconds (process running for 7.367)
]]></system-out>
  </testcase>
</testsuite>